<?xml version="1.0" encoding="UTF-8"?>
<!-- Generated by org.testng.reporters.JUnitReportReporter -->
<testsuite hostname="DESKTOP-I588ITP" failures="0" tests="3" name="testLogin.LoginClass" time="5.070" errors="0" timestamp="2023-02-01T09:08:11 IST" skipped="0">
  <testcase classname="testLogin.LoginClass" name="navigateToUrl" time="2.427"/>
  <system-out/>
  <testcase classname="testLogin.LoginClass" name="login" time="2.143"/>
  <system-out/>
  <testcase classname="testLogin.LoginClass" name="homePageHeaderVerification" time="0.500"/>
  <system-out/>
</testsuite> <!-- testLogin.LoginClass -->
