<?xml version="1.0" encoding="UTF-8"?>
<!-- Generated by org.testng.reporters.JUnitReportReporter -->
<testsuite hostname="DESKTOP-I588ITP" failures="0" tests="3" name="testLogin.LoginClass" time="4.319" errors="0" timestamp="2023-02-01T08:51:13 IST" skipped="0">
  <testcase classname="testLogin.LoginClass" name="navigateToUrl" time="2.309"/>
  <system-out/>
  <testcase classname="testLogin.LoginClass" name="login" time="1.665"/>
  <system-out/>
  <testcase classname="testLogin.LoginClass" name="homePageHeaderVerification" time="0.345"/>
  <system-out/>
</testsuite> <!-- testLogin.LoginClass -->
